<?xml version="1.0" encoding="UTF-8"?>
<!-- Generated by org.testng.reporters.JUnitReportReporter -->
<testsuite hostname="DESKTOP-8C0LO3K" failures="0" tests="1" name="com.demowebshop.tests.SubscriptionTest" time="13.944" errors="0" timestamp="2024-06-19T18:39:34 IST" skipped="0">
  <testcase classname="com.demowebshop.tests.SubscriptionTest" name="verifyUserIsAbleToSubscribe" time="13.944"/>
</testsuite> <!-- com.demowebshop.tests.SubscriptionTest -->
