<?xml version="1.0" encoding="UTF-8"?>
<!-- Generated by org.testng.reporters.JUnitReportReporter -->
<testsuite hostname="DESKTOP-8C0LO3K" failures="0" tests="1" name="com.demowebshop.tests.LoginTest" time="7.520" errors="0" timestamp="2024-06-15T11:22:46 IST" skipped="0">
  <testcase classname="com.demowebshop.tests.LoginTest" name="verifyUserIsAbleToLoginWithValidCred" time="7.520"/>
</testsuite> <!-- com.demowebshop.tests.LoginTest -->
