<?xml version="1.0" encoding="UTF-8"?>
<!-- Generated by org.testng.reporters.JUnitReportReporter -->
<testsuite hostname="DESKTOP-8C0LO3K" failures="0" tests="1" name="com.demowebshop.tests.SubscriptionTest" time="7.614" errors="0" timestamp="2024-06-14T18:32:58 IST" skipped="0">
  <testcase classname="com.demowebshop.tests.SubscriptionTest" name="verifyUserIsAbleToSubscribe" time="7.614"/>
</testsuite> <!-- com.demowebshop.tests.SubscriptionTest -->
