<?xml version="1.0" encoding="UTF-8"?>
<!-- Generated by org.testng.reporters.JUnitReportReporter -->
<testsuite hostname="DESKTOP-8C0LO3K" failures="0" tests="1" name="com.demowebshop.tests.HeaderTest" time="6.018" errors="0" timestamp="2024-06-14T18:41:23 IST" skipped="0">
  <testcase classname="com.demowebshop.tests.HeaderTest" name="verifyUserIsAbleToAddProductToCart" time="6.018"/>
</testsuite> <!-- com.demowebshop.tests.HeaderTest -->
