<?xml version="1.0" encoding="UTF-8"?>
<!-- Generated by org.testng.reporters.JUnitReportReporter -->
<testsuite hostname="DESKTOP-8C0LO3K" failures="0" tests="1" name="com.demowebshop.tests.DataDrivenRegisteration" time="14.043" errors="0" timestamp="2024-06-15T12:56:53 IST" skipped="0">
  <testcase classname="com.demowebshop.tests.DataDrivenRegisteration" name="verifyUserisAbleToRegisterMultiplePersons" time="14.043"/>
</testsuite> <!-- com.demowebshop.tests.DataDrivenRegisteration -->
